Exporter version: 5.6.4, Blender version: 2.79 (sub 0)
========= Conversion from Blender to Babylon.js =========
	Scene settings used :
		export scope        :  ALL
		inline textures     :  false
		Positions Precision :  4
		Normals Precision   :  3
		UVs Precision       :  3
		Vert Color Precision:  3
		Mat Weight Precision:  2
		texture directory   :  D:\MyImage\Model\
	Python World class constructor completed
	processing begun of mesh:  rts_fantasy_buildings___elf_tower___buy_royalty_free_3d_model_b
		processing begun of Standard material:  lambert1.001
		num positions      :  725
		num normals        :  725
		num uvs            :  1450
		num uvs2           :  0
		num colors         :  0
		num indices        :  1452
	processing begun of mesh:  Cube
		processing begun of Standard material:  Material
		num positions      :  8
		num normals        :  8
		num uvs            :  0
		num uvs2           :  0
		num colors         :  0
		num indices        :  36
	processing begun of camera (UniversalCamera):  Camera
	processing begun of light (POINT):  Lamp
========= Writing of scene file started =========
========= Writing of scene file completed =========
========= end of processing =========
elapsed time:  0 min, 0.5445 secs
