Exporter version: 5.6.4, Blender version: 2.79 (sub 0)
========= Conversion from Blender to Babylon.js =========
	Scene settings used :
		export scope        :  ALL
		inline textures     :  false
		Positions Precision :  4
		Normals Precision   :  3
		UVs Precision       :  3
		Vert Color Precision:  3
		Mat Weight Precision:  2
		texture directory   :  D:\MyImage\Model\
	Python World class constructor completed
	processing begun of mesh:  tesla_coil_tower___3d_model_by_dark_minaz___dark_minaz_:Mesh
		processing begun of Standard material:  lambert1
		num positions      :  1494
		num normals        :  1494
		num uvs            :  2988
		num uvs2           :  0
		num colors         :  0
		num indices        :  5250
	processing begun of camera (UniversalCamera):  Camera
	processing begun of light (POINT):  Lamp
========= Writing of scene file started =========
========= Writing of scene file completed =========
========= end of processing =========
elapsed time:  0 min, 0.6843 secs
