Exporter version: 5.6.4, Blender version: 2.79 (sub 0)
========= Conversion from Blender to Babylon.js =========
	Scene settings used :
		export scope        :  ALL
		inline textures     :  false
		Positions Precision :  4
		Normals Precision   :  3
		UVs Precision       :  3
		Vert Color Precision:  3
		Mat Weight Precision:  2
		texture directory   :  H:\@Game\Aladdin_Directx_Nhom7(1)\Aladdin_Directx_Nhom7(1)\Aladdin_Directx_Nhom7\MyImage\Model\
	Python World class constructor completed
	WARNING: No active camera has been assigned, or is not in a currently selected Blender layer
	processing begun of mesh:  Circle
		processing begun of Standard material:  color
			Diffuse texture found "Texture"
				Image texture found, type:  diffuseTexture, mapped using: "UVMap"
		num positions      :  1865
		num normals        :  1865
		num uvs            :  3730
		num uvs2           :  0
		num colors         :  0
		num indices        :  4587
		WARNING: # of 0 area faces found:  2
	processing begun of light (HEMI):  Hemi.002
	processing begun of light (SUN):  Hemi.001
	processing begun of light (HEMI):  Hemi
========= Writing of scene file started =========
========= Writing of scene file completed =========
========= end of processing =========
elapsed time:  0 min, 0.246 secs
